<?xml version="1.0" encoding="UTF-8"?>
<robot generator="Robot 5.0 (Python 3.8.6rc1 on win32)" generated="20220410 20:57:55.631" rpa="false" schemaversion="3">
<suite id="s1" name="User1" source="C:\Users\lakshmi vardhan\PycharmProjects\bookrobot\Tests\book\FunctionalTestSuite\user1.robot">
<test id="s1-t1" name="User Registration test" line="10">
<kw name="Open Browser" library="SeleniumLibrary">
<arg>${web_url}</arg>
<arg>chrome</arg>
<doc>Opens a new browser instance to the optional ``url``.</doc>
<msg timestamp="20220410 20:57:55.863" level="INFO">Opening browser 'chrome' to base url 'http://127.0.0.1:5000/'.</msg>
<status status="PASS" starttime="20220410 20:57:55.863" endtime="20220410 20:57:58.397"/>
</kw>
<kw name="Maximize Browser Window" library="SeleniumLibrary">
<doc>Maximizes current browser window.</doc>
<status status="PASS" starttime="20220410 20:57:58.398" endtime="20220410 20:57:58.578"/>
</kw>
<kw name="Sleep" library="BuiltIn">
<arg>1s</arg>
<doc>Pauses the test executed for the given time.</doc>
<msg timestamp="20220410 20:57:59.588" level="INFO">Slept 1 second</msg>
<status status="PASS" starttime="20220410 20:57:58.578" endtime="20220410 20:57:59.588"/>
</kw>
<kw name="Click Link" library="SeleniumLibrary">
<arg>xpath=//html/body/div/div/div/form/table/tbody/tr[7]/td[2]/a</arg>
<doc>Clicks a link identified by ``locator``.</doc>
<msg timestamp="20220410 20:57:59.590" level="INFO">Clicking link 'xpath=//html/body/div/div/div/form/table/tbody/tr[7]/td[2]/a'.</msg>
<status status="PASS" starttime="20220410 20:57:59.589" endtime="20220410 20:57:59.739"/>
</kw>
<kw name="Sleep" library="BuiltIn">
<arg>2s</arg>
<doc>Pauses the test executed for the given time.</doc>
<msg timestamp="20220410 20:58:01.749" level="INFO">Slept 2 seconds</msg>
<status status="PASS" starttime="20220410 20:57:59.741" endtime="20220410 20:58:01.749"/>
</kw>
<doc>Registration page</doc>
<tag>user</tag>
<status status="PASS" starttime="20220410 20:57:55.862" endtime="20220410 20:58:01.750"/>
</test>
<test id="s1-t2" name="User Login test" line="19">
<kw name="Input Text" library="SeleniumLibrary">
<arg>name:email</arg>
<arg>${email}</arg>
<doc>Types the given ``text`` into the text field identified by ``locator``.</doc>
<msg timestamp="20220410 20:58:01.752" level="INFO">Typing text 'joshna@gmail.com' into text field 'name:email'.</msg>
<status status="PASS" starttime="20220410 20:58:01.752" endtime="20220410 20:58:01.894"/>
</kw>
<kw name="Sleep" library="BuiltIn">
<arg>1s</arg>
<doc>Pauses the test executed for the given time.</doc>
<msg timestamp="20220410 20:58:02.903" level="INFO">Slept 1 second</msg>
<status status="PASS" starttime="20220410 20:58:01.895" endtime="20220410 20:58:02.903"/>
</kw>
<kw name="Input Text" library="SeleniumLibrary">
<arg>name:password</arg>
<arg>${password}</arg>
<doc>Types the given ``text`` into the text field identified by ``locator``.</doc>
<msg timestamp="20220410 20:58:02.907" level="INFO">Typing text '12345' into text field 'name:password'.</msg>
<status status="PASS" starttime="20220410 20:58:02.905" endtime="20220410 20:58:03.022"/>
</kw>
<kw name="Sleep" library="BuiltIn">
<arg>1s</arg>
<doc>Pauses the test executed for the given time.</doc>
<msg timestamp="20220410 20:58:04.036" level="INFO">Slept 1 second</msg>
<status status="PASS" starttime="20220410 20:58:03.022" endtime="20220410 20:58:04.036"/>
</kw>
<kw name="Click Button" library="SeleniumLibrary">
<arg>xpath=//html/body/div/div/div/form/table/tbody/tr[3]/td[2]/button</arg>
<doc>Clicks the button identified by ``locator``.</doc>
<msg timestamp="20220410 20:58:04.038" level="INFO">Clicking button 'xpath=//html/body/div/div/div/form/table/tbody/tr[3]/td[2]/button'.</msg>
<status status="PASS" starttime="20220410 20:58:04.038" endtime="20220410 20:58:04.204"/>
</kw>
<kw name="Sleep" library="BuiltIn">
<arg>3s</arg>
<doc>Pauses the test executed for the given time.</doc>
<msg timestamp="20220410 20:58:07.213" level="INFO">Slept 3 seconds</msg>
<status status="PASS" starttime="20220410 20:58:04.205" endtime="20220410 20:58:07.213"/>
</kw>
<doc>Login page</doc>
<tag>user</tag>
<status status="PASS" starttime="20220410 20:58:01.751" endtime="20220410 20:58:07.214"/>
</test>
<test id="s1-t3" name="Search Book test" line="29">
<kw name="Click Link" library="SeleniumLibrary">
<arg>xpath=//html/body/nav/a[2]</arg>
<doc>Clicks a link identified by ``locator``.</doc>
<msg timestamp="20220410 20:58:07.218" level="INFO">Clicking link 'xpath=//html/body/nav/a[2]'.</msg>
<status status="PASS" starttime="20220410 20:58:07.218" endtime="20220410 20:58:07.363"/>
</kw>
<kw name="Sleep" library="BuiltIn">
<arg>1s</arg>
<doc>Pauses the test executed for the given time.</doc>
<msg timestamp="20220410 20:58:08.372" level="INFO">Slept 1 second</msg>
<status status="PASS" starttime="20220410 20:58:07.366" endtime="20220410 20:58:08.372"/>
</kw>
<kw name="Input Text" library="SeleniumLibrary">
<arg>name:name</arg>
<arg>nenu sailaja</arg>
<doc>Types the given ``text`` into the text field identified by ``locator``.</doc>
<msg timestamp="20220410 20:58:08.373" level="INFO">Typing text 'nenu sailaja' into text field 'name:name'.</msg>
<status status="PASS" starttime="20220410 20:58:08.373" endtime="20220410 20:58:08.490"/>
</kw>
<kw name="Sleep" library="BuiltIn">
<arg>1s</arg>
<doc>Pauses the test executed for the given time.</doc>
<msg timestamp="20220410 20:58:09.502" level="INFO">Slept 1 second</msg>
<status status="PASS" starttime="20220410 20:58:08.491" endtime="20220410 20:58:09.502"/>
</kw>
<kw name="Click Button" library="SeleniumLibrary">
<arg>xpath=//html/body/div/div/div/form/table[1]/tbody/tr[2]/td[2]/button</arg>
<doc>Clicks the button identified by ``locator``.</doc>
<msg timestamp="20220410 20:58:09.504" level="INFO">Clicking button 'xpath=//html/body/div/div/div/form/table[1]/tbody/tr[2]/td[2]/button'.</msg>
<status status="PASS" starttime="20220410 20:58:09.503" endtime="20220410 20:58:09.686"/>
</kw>
<kw name="Sleep" library="BuiltIn">
<arg>3s</arg>
<doc>Pauses the test executed for the given time.</doc>
<msg timestamp="20220410 20:58:12.700" level="INFO">Slept 3 seconds</msg>
<status status="PASS" starttime="20220410 20:58:09.687" endtime="20220410 20:58:12.700"/>
</kw>
<doc>Search page</doc>
<tag>user</tag>
<status status="PASS" starttime="20220410 20:58:07.216" endtime="20220410 20:58:12.701"/>
</test>
<test id="s1-t4" name="Logout test" line="39">
<kw name="Click Link" library="SeleniumLibrary">
<arg>xpath=//html/body/nav/a[3]</arg>
<doc>Clicks a link identified by ``locator``.</doc>
<msg timestamp="20220410 20:58:12.705" level="INFO">Clicking link 'xpath=//html/body/nav/a[3]'.</msg>
<status status="PASS" starttime="20220410 20:58:12.704" endtime="20220410 20:58:12.841"/>
</kw>
<kw name="Sleep" library="BuiltIn">
<arg>2s</arg>
<doc>Pauses the test executed for the given time.</doc>
<msg timestamp="20220410 20:58:14.847" level="INFO">Slept 2 seconds</msg>
<status status="PASS" starttime="20220410 20:58:12.843" endtime="20220410 20:58:14.847"/>
</kw>
<kw name="Close Browser" library="SeleniumLibrary">
<doc>Closes the current browser.</doc>
<status status="PASS" starttime="20220410 20:58:14.848" endtime="20220410 20:58:17.112"/>
</kw>
<doc>Logout page</doc>
<tag>user</tag>
<status status="PASS" starttime="20220410 20:58:12.703" endtime="20220410 20:58:17.113"/>
</test>
<status status="PASS" starttime="20220410 20:57:55.633" endtime="20220410 20:58:17.116"/>
</suite>
<statistics>
<total>
<stat pass="4" fail="0" skip="0">All Tests</stat>
</total>
<tag>
<stat pass="4" fail="0" skip="0">user</stat>
</tag>
<suite>
<stat pass="4" fail="0" skip="0" id="s1" name="User1">User1</stat>
</suite>
</statistics>
<errors>
</errors>
</robot>
